# JRE version: OpenJDK Runtime Environment (Zulu 8.56.0.21-CA-win64) (8.0_302-b08) (build 1.8.0_302-b08)
# Java VM: OpenJDK 64-Bit Server VM (25.302-b08 mixed mode windows-amd64 compressed oops)
Heap:
 PSYoungGen      total 129536K, used 19076K [0x00000000d5c00000, 0x00000000dec80000, 0x0000000100000000)
  eden space 121344K, 15% used [0x00000000d5c00000,0x00000000d6ea1008,0x00000000dd280000)
  from space 8192K, 0% used [0x00000000ddc80000,0x00000000ddc80000,0x00000000de480000)
  to   space 6144K, 0% used [0x00000000de680000,0x00000000de680000,0x00000000dec80000)
 ParOldGen       total 71168K, used 12278K [0x0000000081400000, 0x0000000085980000, 0x00000000d5c00000)
  object space 71168K, 17% used [0x0000000081400000,0x0000000081ffd9a8,0x0000000085980000)
 Metaspace       used 36998K, capacity 38596K, committed 39000K, reserved 1085440K
  class space    used 4723K, capacity 5068K, committed 5208K, reserved 1048576K
GC Heap History (10 events):
Event: 10.562 GC heap before
{Heap before GC invocations=12 (full 3):
 PSYoungGen      total 129536K, used 3651K [0x00000000d5c00000, 0x00000000dec80000, 0x0000000100000000)
  eden space 121344K, 0% used [0x00000000d5c00000,0x00000000d5c00000,0x00000000dd280000)
  from space 8192K, 44% used [0x00000000ddc80000,0x00000000de010cf8,0x00000000de480000)
  to   space 6144K, 0% used [0x00000000de680000,0x00000000de680000,0x00000000dec80000)
 ParOldGen       total 71168K, used 16478K [0x0000000081400000, 0x0000000085980000, 0x00000000d5c00000)
  object space 71168K, 23% used [0x0000000081400000,0x0000000082417878,0x0000000085980000)
 Metaspace       used 36307K, capacity 37928K, committed 37976K, reserved 1087488K
  class space    used 4614K, capacity 4941K, committed 4952K, reserved 1048576K
Event: 10.733 GC heap after
Heap after GC invocations=12 (full 3):
 PSYoungGen      total 129536K, used 0K [0x00000000d5c00000, 0x00000000dec80000, 0x0000000100000000)
  eden space 121344K, 0% used [0x00000000d5c00000,0x00000000d5c00000,0x00000000dd280000)
  from space 8192K, 0% used [0x00000000ddc80000,0x00000000ddc80000,0x00000000de480000)
  to   space 6144K, 0% used [0x00000000de680000,0x00000000de680000,0x00000000dec80000)
 ParOldGen       total 71168K, used 17254K [0x0000000081400000, 0x0000000085980000, 0x00000000d5c00000)
  object space 71168K, 24% used [0x0000000081400000,0x00000000824d9a98,0x0000000085980000)
 Metaspace       used 36307K, capacity 37928K, committed 37976K, reserved 1085440K
  class space    used 4614K, capacity 4941K, committed 4952K, reserved 1048576K
}
Event: 10.752 GC heap before
{Heap before GC invocations=13 (full 3):
 PSYoungGen      total 129536K, used 5467K [0x00000000d5c00000, 0x00000000dec80000, 0x0000000100000000)
  eden space 121344K, 4% used [0x00000000d5c00000,0x00000000d6156c50,0x00000000dd280000)
  from space 8192K, 0% used [0x00000000ddc80000,0x00000000ddc80000,0x00000000de480000)
  to   space 6144K, 0% used [0x00000000de680000,0x00000000de680000,0x00000000dec80000)
 ParOldGen       total 71168K, used 17254K [0x0000000081400000, 0x0000000085980000, 0x00000000d5c00000)
  object space 71168K, 24% used [0x0000000081400000,0x00000000824d9a98,0x0000000085980000)
 Metaspace       used 36398K, capacity 38056K, committed 38232K, reserved 1085440K
  class space    used 4629K, capacity 4941K, committed 4952K, reserved 1048576K
Event: 10.754 GC heap after
Heap after GC invocations=13 (full 3):
 PSYoungGen      total 127488K, used 224K [0x00000000d5c00000, 0x00000000dec80000, 0x0000000100000000)
  eden space 121344K, 0% used [0x00000000d5c00000,0x00000000d5c00000,0x00000000dd280000)
  from space 6144K, 3% used [0x00000000de680000,0x00000000de6b8000,0x00000000dec80000)
  to   space 8192K, 0% used [0x00000000ddc80000,0x00000000ddc80000,0x00000000de480000)
 ParOldGen       total 71168K, used 17254K [0x0000000081400000, 0x0000000085980000, 0x00000000d5c00000)
  object space 71168K, 24% used [0x0000000081400000,0x00000000824d9a98,0x0000000085980000)
 Metaspace       used 36398K, capacity 38056K, committed 38232K, reserved 1085440K
  class space    used 4629K, capacity 4941K, committed 4952K, reserved 1048576K
}
Event: 10.754 GC heap before
{Heap before GC invocations=14 (full 4):
 PSYoungGen      total 127488K, used 224K [0x00000000d5c00000, 0x00000000dec80000, 0x0000000100000000)
  eden space 121344K, 0% used [0x00000000d5c00000,0x00000000d5c00000,0x00000000dd280000)
  from space 6144K, 3% used [0x00000000de680000,0x00000000de6b8000,0x00000000dec80000)
  to   space 8192K, 0% used [0x00000000ddc80000,0x00000000ddc80000,0x00000000de480000)
 ParOldGen       total 71168K, used 17254K [0x0000000081400000, 0x0000000085980000, 0x00000000d5c00000)
  object space 71168K, 24% used [0x0000000081400000,0x00000000824d9a98,0x0000000085980000)
 Metaspace       used 36398K, capacity 38056K, committed 38232K, reserved 1085440K
  class space    used 4629K, capacity 4941K, committed 4952K, reserved 1048576K
Event: 10.804 GC heap after
Heap after GC invocations=14 (full 4):
 PSYoungGen      total 127488K, used 0K [0x00000000d5c00000, 0x00000000dec80000, 0x0000000100000000)
  eden space 121344K, 0% used [0x00000000d5c00000,0x00000000d5c00000,0x00000000dd280000)
  from space 6144K, 0% used [0x00000000de680000,0x00000000de680000,0x00000000dec80000)
  to   space 8192K, 0% used [0x00000000ddc80000,0x00000000ddc80000,0x00000000de480000)
 ParOldGen       total 71168K, used 15015K [0x0000000081400000, 0x0000000085980000, 0x00000000d5c00000)
  object space 71168K, 21% used [0x0000000081400000,0x00000000822a9d90,0x0000000085980000)
 Metaspace       used 36398K, capacity 38056K, committed 38232K, reserved 1085440K
  class space    used 4629K, capacity 4941K, committed 4952K, reserved 1048576K
}
Event: 10.804 GC heap before
{Heap before GC invocations=15 (full 4):
 PSYoungGen      total 127488K, used 0K [0x00000000d5c00000, 0x00000000dec80000, 0x0000000100000000)
  eden space 121344K, 0% used [0x00000000d5c00000,0x00000000d5c00000,0x00000000dd280000)
  from space 6144K, 0% used [0x00000000de680000,0x00000000de680000,0x00000000dec80000)
  to   space 8192K, 0% used [0x00000000ddc80000,0x00000000ddc80000,0x00000000de480000)
 ParOldGen       total 71168K, used 15015K [0x0000000081400000, 0x0000000085980000, 0x00000000d5c00000)
  object space 71168K, 21% used [0x0000000081400000,0x00000000822a9d90,0x0000000085980000)
 Metaspace       used 36398K, capacity 38056K, committed 38232K, reserved 1085440K
  class space    used 4629K, capacity 4941K, committed 4952K, reserved 1048576K
Event: 10.805 GC heap after
Heap after GC invocations=15 (full 4):
 PSYoungGen      total 129536K, used 0K [0x00000000d5c00000, 0x00000000dec80000, 0x0000000100000000)
  eden space 121344K, 0% used [0x00000000d5c00000,0x00000000d5c00000,0x00000000dd280000)
  from space 8192K, 0% used [0x00000000ddc80000,0x00000000ddc80000,0x00000000de480000)
  to   space 6144K, 0% used [0x00000000de680000,0x00000000de680000,0x00000000dec80000)
 ParOldGen       total 71168K, used 15015K [0x0000000081400000, 0x0000000085980000, 0x00000000d5c00000)
  object space 71168K, 21% used [0x0000000081400000,0x00000000822a9d90,0x0000000085980000)
 Metaspace       used 36398K, capacity 38056K, committed 38232K, reserved 1085440K
  class space    used 4629K, capacity 4941K, committed 4952K, reserved 1048576K
}
Event: 10.805 GC heap before
{Heap before GC invocations=16 (full 5):
 PSYoungGen      total 129536K, used 0K [0x00000000d5c00000, 0x00000000dec80000, 0x0000000100000000)
  eden space 121344K, 0% used [0x00000000d5c00000,0x00000000d5c00000,0x00000000dd280000)
  from space 8192K, 0% used [0x00000000ddc80000,0x00000000ddc80000,0x00000000de480000)
  to   space 6144K, 0% used [0x00000000de680000,0x00000000de680000,0x00000000dec80000)
 ParOldGen       total 71168K, used 15015K [0x0000000081400000, 0x0000000085980000, 0x00000000d5c00000)
  object space 71168K, 21% used [0x0000000081400000,0x00000000822a9d90,0x0000000085980000)
 Metaspace       used 36398K, capacity 38056K, committed 38232K, reserved 1085440K
  class space    used 4629K, capacity 4941K, committed 4952K, reserved 1048576K
Event: 10.972 GC heap after
Heap after GC invocations=16 (full 5):
 PSYoungGen      total 129536K, used 0K [0x00000000d5c00000, 0x00000000dec80000, 0x0000000100000000)
  eden space 121344K, 0% used [0x00000000d5c00000,0x00000000d5c00000,0x00000000dd280000)
  from space 8192K, 0% used [0x00000000ddc80000,0x00000000ddc80000,0x00000000de480000)
  to   space 6144K, 0% used [0x00000000de680000,0x00000000de680000,0x00000000dec80000)
 ParOldGen       total 71168K, used 12278K [0x0000000081400000, 0x0000000085980000, 0x00000000d5c00000)
  object space 71168K, 17% used [0x0000000081400000,0x0000000081ffd9a8,0x0000000085980000)
 Metaspace       used 36198K, capacity 37734K, committed 38232K, reserved 1085440K
  class space    used 4595K, capacity 4880K, committed 4952K, reserved 1048576K
}

